{"/Users/yohannvinod/Github/SFU-Loop/src/features/auth/screens/SignInScreen.tsx": {"path":"/Users/yohannvinod/Github/SFU-Loop/src/features/auth/screens/SignInScreen.tsx","statementMap":{"0":{"start":{"line":12,"column":21},"end":{"line":134,"column":1}},"1":{"start":{"line":13,"column":54},"end":{"line":13,"column":63}},"2":{"start":{"line":14,"column":37},"end":{"line":17,"column":5}},"3":{"start":{"line":14,"column":65},"end":{"line":17,"column":3}},"4":{"start":{"line":18,"column":28},"end":{"line":18,"column":56}},"5":{"start":{"line":19,"column":39},"end":{"line":19,"column":51}},"6":{"start":{"line":20,"column":35},"end":{"line":20,"column":70}},"7":{"start":{"line":21,"column":28},"end":{"line":21,"column":57}},"8":{"start":{"line":22,"column":44},"end":{"line":22,"column":73}},"9":{"start":{"line":23,"column":40},"end":{"line":23,"column":69}},"10":{"start":{"line":25,"column":25},"end":{"line":48,"column":3}},"11":{"start":{"line":26,"column":28},"end":{"line":26,"column":43}},"12":{"start":{"line":27,"column":4},"end":{"line":30,"column":5}},"13":{"start":{"line":28,"column":6},"end":{"line":28,"column":72}},"14":{"start":{"line":29,"column":6},"end":{"line":29,"column":13}},"15":{"start":{"line":32,"column":4},"end":{"line":35,"column":5}},"16":{"start":{"line":33,"column":6},"end":{"line":33,"column":73}},"17":{"start":{"line":34,"column":6},"end":{"line":34,"column":13}},"18":{"start":{"line":37,"column":4},"end":{"line":47,"column":5}},"19":{"start":{"line":38,"column":6},"end":{"line":38,"column":29}},"20":{"start":{"line":39,"column":6},"end":{"line":39,"column":27}},"21":{"start":{"line":40,"column":6},"end":{"line":40,"column":35}},"22":{"start":{"line":41,"column":6},"end":{"line":41,"column":24}},"23":{"start":{"line":42,"column":6},"end":{"line":42,"column":34}},"24":{"start":{"line":43,"column":30},"end":{"line":43,"column":96}},"25":{"start":{"line":44,"column":6},"end":{"line":44,"column":69}},"26":{"start":{"line":46,"column":6},"end":{"line":46,"column":39}},"27":{"start":{"line":50,"column":18},"end":{"line":50,"column":36}},"28":{"start":{"line":52,"column":2},"end":{"line":133,"column":4}},"29":{"start":{"line":65,"column":12},"end":{"line":65,"column":36}},"30":{"start":{"line":66,"column":12},"end":{"line":68,"column":13}},"31":{"start":{"line":67,"column":14},"end":{"line":67,"column":37}},"32":{"start":{"line":86,"column":12},"end":{"line":104,"column":31}},"33":{"start":{"line":90,"column":16},"end":{"line":90,"column":42}},"34":{"start":{"line":91,"column":16},"end":{"line":93,"column":17}},"35":{"start":{"line":92,"column":18},"end":{"line":92,"column":39}},"36":{"start":{"line":114,"column":10},"end":{"line":114,"column":26}},"37":{"start":{"line":115,"column":10},"end":{"line":117,"column":11}},"38":{"start":{"line":116,"column":12},"end":{"line":116,"column":27}},"39":{"start":{"line":136,"column":15},"end":{"line":205,"column":2}}},"fnMap":{"0":{"name":"(anonymous_0)","decl":{"start":{"line":12,"column":21},"end":{"line":12,"column":22}},"loc":{"start":{"line":12,"column":48},"end":{"line":134,"column":1}},"line":12},"1":{"name":"(anonymous_1)","decl":{"start":{"line":14,"column":53},"end":{"line":14,"column":54}},"loc":{"start":{"line":14,"column":65},"end":{"line":17,"column":3}},"line":14},"2":{"name":"(anonymous_2)","decl":{"start":{"line":25,"column":25},"end":{"line":25,"column":26}},"loc":{"start":{"line":25,"column":37},"end":{"line":48,"column":3}},"line":25},"3":{"name":"(anonymous_3)","decl":{"start":{"line":64,"column":24},"end":{"line":64,"column":25}},"loc":{"start":{"line":64,"column":35},"end":{"line":69,"column":11}},"line":64},"4":{"name":"(anonymous_4)","decl":{"start":{"line":85,"column":16},"end":{"line":85,"column":17}},"loc":{"start":{"line":86,"column":12},"end":{"line":104,"column":31}},"line":86},"5":{"name":"(anonymous_5)","decl":{"start":{"line":89,"column":23},"end":{"line":89,"column":24}},"loc":{"start":{"line":89,"column":29},"end":{"line":94,"column":15}},"line":89},"6":{"name":"(anonymous_6)","decl":{"start":{"line":113,"column":22},"end":{"line":113,"column":23}},"loc":{"start":{"line":113,"column":33},"end":{"line":118,"column":9}},"line":113}},"branchMap":{"0":{"loc":{"start":{"line":18,"column":37},"end":{"line":18,"column":55}},"type":"binary-expr","locations":[{"start":{"line":18,"column":37},"end":{"line":18,"column":49}},{"start":{"line":18,"column":53},"end":{"line":18,"column":55}}],"line":18},"1":{"loc":{"start":{"line":27,"column":4},"end":{"line":30,"column":5}},"type":"if","locations":[{"start":{"line":27,"column":4},"end":{"line":30,"column":5}},{"start":{},"end":{}}],"line":27},"2":{"loc":{"start":{"line":27,"column":8},"end":{"line":27,"column":65}},"type":"binary-expr","locations":[{"start":{"line":27,"column":8},"end":{"line":27,"column":34}},{"start":{"line":27,"column":38},"end":{"line":27,"column":65}}],"line":27},"3":{"loc":{"start":{"line":32,"column":4},"end":{"line":35,"column":5}},"type":"if","locations":[{"start":{"line":32,"column":4},"end":{"line":35,"column":5}},{"start":{},"end":{}}],"line":32},"4":{"loc":{"start":{"line":43,"column":30},"end":{"line":43,"column":96}},"type":"binary-expr","locations":[{"start":{"line":43,"column":30},"end":{"line":43,"column":66}},{"start":{"line":43,"column":70},"end":{"line":43,"column":96}}],"line":43},"5":{"loc":{"start":{"line":50,"column":18},"end":{"line":50,"column":36}},"type":"binary-expr","locations":[{"start":{"line":50,"column":18},"end":{"line":50,"column":23}},{"start":{"line":50,"column":27},"end":{"line":50,"column":36}}],"line":50},"6":{"loc":{"start":{"line":66,"column":12},"end":{"line":68,"column":13}},"type":"if","locations":[{"start":{"line":66,"column":12},"end":{"line":68,"column":13}},{"start":{},"end":{}}],"line":66},"7":{"loc":{"start":{"line":74,"column":9},"end":{"line":74,"column":81}},"type":"cond-expr","locations":[{"start":{"line":74,"column":25},"end":{"line":74,"column":74}},{"start":{"line":74,"column":77},"end":{"line":74,"column":81}}],"line":74},"8":{"loc":{"start":{"line":88,"column":44},"end":{"line":88,"column":94}},"type":"binary-expr","locations":[{"start":{"line":88,"column":44},"end":{"line":88,"column":64}},{"start":{"line":88,"column":68},"end":{"line":88,"column":94}}],"line":88},"9":{"loc":{"start":{"line":91,"column":16},"end":{"line":93,"column":17}},"type":"if","locations":[{"start":{"line":91,"column":16},"end":{"line":93,"column":17}},{"start":{},"end":{}}],"line":91},"10":{"loc":{"start":{"line":100,"column":50},"end":{"line":100,"column":104}},"type":"binary-expr","locations":[{"start":{"line":100,"column":50},"end":{"line":100,"column":70}},{"start":{"line":100,"column":74},"end":{"line":100,"column":104}}],"line":100},"11":{"loc":{"start":{"line":107,"column":9},"end":{"line":107,"column":77}},"type":"cond-expr","locations":[{"start":{"line":107,"column":23},"end":{"line":107,"column":70}},{"start":{"line":107,"column":73},"end":{"line":107,"column":77}}],"line":107},"12":{"loc":{"start":{"line":115,"column":10},"end":{"line":117,"column":11}},"type":"if","locations":[{"start":{"line":115,"column":10},"end":{"line":117,"column":11}},{"start":{},"end":{}}],"line":115},"13":{"loc":{"start":{"line":123,"column":7},"end":{"line":123,"column":67}},"type":"cond-expr","locations":[{"start":{"line":123,"column":17},"end":{"line":123,"column":60}},{"start":{"line":123,"column":63},"end":{"line":123,"column":67}}],"line":123}},"s":{"0":0,"1":0,"2":0,"3":0,"4":0,"5":0,"6":0,"7":0,"8":0,"9":0,"10":0,"11":0,"12":0,"13":0,"14":0,"15":0,"16":0,"17":0,"18":0,"19":0,"20":0,"21":0,"22":0,"23":0,"24":0,"25":0,"26":0,"27":0,"28":0,"29":0,"30":0,"31":0,"32":0,"33":0,"34":0,"35":0,"36":0,"37":0,"38":0,"39":0},"f":{"0":0,"1":0,"2":0,"3":0,"4":0,"5":0,"6":0},"b":{"0":[0,0],"1":[0,0],"2":[0,0],"3":[0,0],"4":[0,0],"5":[0,0],"6":[0,0],"7":[0,0],"8":[0,0],"9":[0,0],"10":[0,0],"11":[0,0],"12":[0,0],"13":[0,0]}}
,"/Users/yohannvinod/Github/SFU-Loop/src/features/rides/screens/HomeScreen.tsx": {"path":"/Users/yohannvinod/Github/SFU-Loop/src/features/rides/screens/HomeScreen.tsx","statementMap":{"0":{"start":{"line":15,"column":23},"end":{"line":18,"column":10}},"1":{"start":{"line":20,"column":20},"end":{"line":23,"column":1}},"2":{"start":{"line":29,"column":21},"end":{"line":32,"column":1}},"3":{"start":{"line":34,"column":19},"end":{"line":161,"column":1}},"4":{"start":{"line":35,"column":21},"end":{"line":35,"column":48}},"5":{"start":{"line":36,"column":19},"end":{"line":36,"column":61}},"6":{"start":{"line":36,"column":46},"end":{"line":36,"column":60}},"7":{"start":{"line":37,"column":15},"end":{"line":37,"column":50}},"8":{"start":{"line":37,"column":39},"end":{"line":37,"column":49}},"9":{"start":{"line":38,"column":18},"end":{"line":38,"column":56}},"10":{"start":{"line":38,"column":42},"end":{"line":38,"column":55}},"11":{"start":{"line":40,"column":30},"end":{"line":40,"column":50}},"12":{"start":{"line":41,"column":40},"end":{"line":41,"column":74}},"13":{"start":{"line":43,"column":24},"end":{"line":43,"column":62}},"14":{"start":{"line":43,"column":38},"end":{"line":43,"column":51}},"15":{"start":{"line":44,"column":26},"end":{"line":47,"column":3}},"16":{"start":{"line":45,"column":10},"end":{"line":45,"column":89}},"17":{"start":{"line":45,"column":42},"end":{"line":45,"column":67}},"18":{"start":{"line":49,"column":27},"end":{"line":49,"column":85}},"19":{"start":{"line":49,"column":41},"end":{"line":49,"column":67}},"20":{"start":{"line":51,"column":19},"end":{"line":51,"column":64}},"21":{"start":{"line":53,"column":25},"end":{"line":66,"column":3}},"22":{"start":{"line":54,"column":4},"end":{"line":56,"column":5}},"23":{"start":{"line":55,"column":6},"end":{"line":55,"column":13}},"24":{"start":{"line":58,"column":34},"end":{"line":62,"column":5}},"25":{"start":{"line":64,"column":4},"end":{"line":64,"column":40}},"26":{"start":{"line":68,"column":2},"end":{"line":160,"column":4}},"27":{"start":{"line":78,"column":12},"end":{"line":91,"column":31}},"28":{"start":{"line":81,"column":29},"end":{"line":81,"column":47}},"29":{"start":{"line":112,"column":12},"end":{"line":128,"column":31}},"30":{"start":{"line":115,"column":29},"end":{"line":115,"column":54}},"31":{"start":{"line":141,"column":10},"end":{"line":151,"column":29}},"32":{"start":{"line":144,"column":27},"end":{"line":144,"column":49}},"33":{"start":{"line":163,"column":15},"end":{"line":262,"column":2}}},"fnMap":{"0":{"name":"(anonymous_0)","decl":{"start":{"line":34,"column":19},"end":{"line":34,"column":20}},"loc":{"start":{"line":34,"column":25},"end":{"line":161,"column":1}},"line":34},"1":{"name":"(anonymous_1)","decl":{"start":{"line":36,"column":35},"end":{"line":36,"column":36}},"loc":{"start":{"line":36,"column":46},"end":{"line":36,"column":60}},"line":36},"2":{"name":"(anonymous_2)","decl":{"start":{"line":37,"column":28},"end":{"line":37,"column":29}},"loc":{"start":{"line":37,"column":39},"end":{"line":37,"column":49}},"line":37},"3":{"name":"(anonymous_3)","decl":{"start":{"line":38,"column":31},"end":{"line":38,"column":32}},"loc":{"start":{"line":38,"column":42},"end":{"line":38,"column":55}},"line":38},"4":{"name":"(anonymous_4)","decl":{"start":{"line":43,"column":32},"end":{"line":43,"column":33}},"loc":{"start":{"line":43,"column":38},"end":{"line":43,"column":51}},"line":43},"5":{"name":"(anonymous_5)","decl":{"start":{"line":45,"column":4},"end":{"line":45,"column":5}},"loc":{"start":{"line":45,"column":10},"end":{"line":45,"column":89}},"line":45},"6":{"name":"(anonymous_6)","decl":{"start":{"line":45,"column":30},"end":{"line":45,"column":31}},"loc":{"start":{"line":45,"column":42},"end":{"line":45,"column":67}},"line":45},"7":{"name":"(anonymous_7)","decl":{"start":{"line":49,"column":35},"end":{"line":49,"column":36}},"loc":{"start":{"line":49,"column":41},"end":{"line":49,"column":67}},"line":49},"8":{"name":"(anonymous_8)","decl":{"start":{"line":53,"column":25},"end":{"line":53,"column":26}},"loc":{"start":{"line":53,"column":69},"end":{"line":66,"column":3}},"line":53},"9":{"name":"(anonymous_9)","decl":{"start":{"line":77,"column":28},"end":{"line":77,"column":29}},"loc":{"start":{"line":78,"column":12},"end":{"line":91,"column":31}},"line":78},"10":{"name":"(anonymous_10)","decl":{"start":{"line":81,"column":23},"end":{"line":81,"column":24}},"loc":{"start":{"line":81,"column":29},"end":{"line":81,"column":47}},"line":81},"11":{"name":"(anonymous_11)","decl":{"start":{"line":111,"column":30},"end":{"line":111,"column":31}},"loc":{"start":{"line":112,"column":12},"end":{"line":128,"column":31}},"line":112},"12":{"name":"(anonymous_12)","decl":{"start":{"line":115,"column":23},"end":{"line":115,"column":24}},"loc":{"start":{"line":115,"column":29},"end":{"line":115,"column":54}},"line":115},"13":{"name":"(anonymous_13)","decl":{"start":{"line":140,"column":25},"end":{"line":140,"column":26}},"loc":{"start":{"line":141,"column":10},"end":{"line":151,"column":29}},"line":141},"14":{"name":"(anonymous_14)","decl":{"start":{"line":144,"column":21},"end":{"line":144,"column":22}},"loc":{"start":{"line":144,"column":27},"end":{"line":144,"column":49}},"line":144}},"branchMap":{"0":{"loc":{"start":{"line":45,"column":10},"end":{"line":45,"column":89}},"type":"binary-expr","locations":[{"start":{"line":45,"column":10},"end":{"line":45,"column":68}},{"start":{"line":45,"column":72},"end":{"line":45,"column":89}}],"line":45},"1":{"loc":{"start":{"line":51,"column":19},"end":{"line":51,"column":64}},"type":"cond-expr","locations":[{"start":{"line":51,"column":30},"end":{"line":51,"column":49}},{"start":{"line":51,"column":52},"end":{"line":51,"column":64}}],"line":51},"2":{"loc":{"start":{"line":54,"column":4},"end":{"line":56,"column":5}},"type":"if","locations":[{"start":{"line":54,"column":4},"end":{"line":56,"column":5}},{"start":{},"end":{}}],"line":54},"3":{"loc":{"start":{"line":80,"column":44},"end":{"line":80,"column":92}},"type":"binary-expr","locations":[{"start":{"line":80,"column":44},"end":{"line":80,"column":62}},{"start":{"line":80,"column":66},"end":{"line":80,"column":92}}],"line":80},"4":{"loc":{"start":{"line":87,"column":50},"end":{"line":87,"column":102}},"type":"binary-expr","locations":[{"start":{"line":87,"column":50},"end":{"line":87,"column":68}},{"start":{"line":87,"column":72},"end":{"line":87,"column":102}}],"line":87},"5":{"loc":{"start":{"line":114,"column":44},"end":{"line":114,"column":99}},"type":"binary-expr","locations":[{"start":{"line":114,"column":44},"end":{"line":114,"column":69}},{"start":{"line":114,"column":73},"end":{"line":114,"column":99}}],"line":114},"6":{"loc":{"start":{"line":123,"column":18},"end":{"line":123,"column":77}},"type":"binary-expr","locations":[{"start":{"line":123,"column":18},"end":{"line":123,"column":43}},{"start":{"line":123,"column":47},"end":{"line":123,"column":77}}],"line":123},"7":{"loc":{"start":{"line":133,"column":7},"end":{"line":137,"column":14}},"type":"cond-expr","locations":[{"start":{"line":134,"column":8},"end":{"line":136,"column":15}},{"start":{"line":137,"column":10},"end":{"line":137,"column":14}}],"line":133},"8":{"loc":{"start":{"line":143,"column":38},"end":{"line":143,"column":82}},"type":"binary-expr","locations":[{"start":{"line":143,"column":38},"end":{"line":143,"column":54}},{"start":{"line":143,"column":58},"end":{"line":143,"column":82}}],"line":143}},"s":{"0":0,"1":0,"2":0,"3":0,"4":0,"5":0,"6":0,"7":0,"8":0,"9":0,"10":0,"11":0,"12":0,"13":0,"14":0,"15":0,"16":0,"17":0,"18":0,"19":0,"20":0,"21":0,"22":0,"23":0,"24":0,"25":0,"26":0,"27":0,"28":0,"29":0,"30":0,"31":0,"32":0,"33":0},"f":{"0":0,"1":0,"2":0,"3":0,"4":0,"5":0,"6":0,"7":0,"8":0,"9":0,"10":0,"11":0,"12":0,"13":0,"14":0},"b":{"0":[0,0],"1":[0,0],"2":[0,0],"3":[0,0],"4":[0,0],"5":[0,0],"6":[0,0],"7":[0,0],"8":[0,0]}}
,"/Users/yohannvinod/Github/SFU-Loop/src/navigation/MainTabs.tsx": {"path":"/Users/yohannvinod/Github/SFU-Loop/src/navigation/MainTabs.tsx","statementMap":{"0":{"start":{"line":10,"column":12},"end":{"line":10,"column":56}},"1":{"start":{"line":12,"column":25},"end":{"line":18,"column":10}},"2":{"start":{"line":20,"column":24},"end":{"line":73,"column":1}},"3":{"start":{"line":21,"column":2},"end":{"line":72,"column":18}},"4":{"start":{"line":27,"column":10},"end":{"line":27,"column":75}},"5":{"start":{"line":37,"column":10},"end":{"line":37,"column":80}},"6":{"start":{"line":47,"column":10},"end":{"line":47,"column":85}},"7":{"start":{"line":57,"column":10},"end":{"line":57,"column":75}},"8":{"start":{"line":67,"column":10},"end":{"line":67,"column":78}}},"fnMap":{"0":{"name":"(anonymous_0)","decl":{"start":{"line":20,"column":24},"end":{"line":20,"column":25}},"loc":{"start":{"line":21,"column":2},"end":{"line":72,"column":18}},"line":21},"1":{"name":"(anonymous_1)","decl":{"start":{"line":26,"column":20},"end":{"line":26,"column":21}},"loc":{"start":{"line":27,"column":10},"end":{"line":27,"column":75}},"line":27},"2":{"name":"(anonymous_2)","decl":{"start":{"line":36,"column":20},"end":{"line":36,"column":21}},"loc":{"start":{"line":37,"column":10},"end":{"line":37,"column":80}},"line":37},"3":{"name":"(anonymous_3)","decl":{"start":{"line":46,"column":20},"end":{"line":46,"column":21}},"loc":{"start":{"line":47,"column":10},"end":{"line":47,"column":85}},"line":47},"4":{"name":"(anonymous_4)","decl":{"start":{"line":56,"column":20},"end":{"line":56,"column":21}},"loc":{"start":{"line":57,"column":10},"end":{"line":57,"column":75}},"line":57},"5":{"name":"(anonymous_5)","decl":{"start":{"line":66,"column":20},"end":{"line":66,"column":21}},"loc":{"start":{"line":67,"column":10},"end":{"line":67,"column":78}},"line":67}},"branchMap":{},"s":{"0":0,"1":0,"2":0,"3":0,"4":0,"5":0,"6":0,"7":0,"8":0},"f":{"0":0,"1":0,"2":0,"3":0,"4":0,"5":0},"b":{}}
,"/Users/yohannvinod/Github/SFU-Loop/src/services/api/client.ts": {"path":"/Users/yohannvinod/Github/SFU-Loop/src/services/api/client.ts","statementMap":{"0":{"start":{"line":2,"column":25},"end":{"line":9,"column":1}},"1":{"start":{"line":4,"column":4},"end":{"line":4,"column":53}},"2":{"start":{"line":7,"column":4},"end":{"line":7,"column":54}}},"fnMap":{"0":{"name":"(anonymous_0)","decl":{"start":{"line":3,"column":7},"end":{"line":3,"column":8}},"loc":{"start":{"line":3,"column":32},"end":{"line":5,"column":3}},"line":3},"1":{"name":"(anonymous_1)","decl":{"start":{"line":6,"column":8},"end":{"line":6,"column":9}},"loc":{"start":{"line":6,"column":49},"end":{"line":8,"column":3}},"line":6}},"branchMap":{},"s":{"0":0,"1":0,"2":0},"f":{"0":0,"1":0},"b":{}}
,"/Users/yohannvinod/Github/SFU-Loop/src/services/api/maps.ts": {"path":"/Users/yohannvinod/Github/SFU-Loop/src/services/api/maps.ts","statementMap":{"0":{"start":{"line":8,"column":54},"end":{"line":21,"column":1}},"1":{"start":{"line":23,"column":29},"end":{"line":30,"column":1}},"2":{"start":{"line":24,"column":21},"end":{"line":24,"column":47}},"3":{"start":{"line":25,"column":17},"end":{"line":25,"column":42}},"4":{"start":{"line":26,"column":2},"end":{"line":28,"column":3}},"5":{"start":{"line":27,"column":4},"end":{"line":27,"column":77}},"6":{"start":{"line":29,"column":2},"end":{"line":29,"column":16}}},"fnMap":{"0":{"name":"(anonymous_0)","decl":{"start":{"line":23,"column":29},"end":{"line":23,"column":30}},"loc":{"start":{"line":23,"column":79},"end":{"line":30,"column":1}},"line":23}},"branchMap":{"0":{"loc":{"start":{"line":26,"column":2},"end":{"line":28,"column":3}},"type":"if","locations":[{"start":{"line":26,"column":2},"end":{"line":28,"column":3}},{"start":{},"end":{}}],"line":26}},"s":{"0":0,"1":0,"2":0,"3":0,"4":0,"5":0,"6":0},"f":{"0":0},"b":{"0":[0,0]}}
,"/Users/yohannvinod/Github/SFU-Loop/src/services/api/profile.ts": {"path":"/Users/yohannvinod/Github/SFU-Loop/src/services/api/profile.ts","statementMap":{"0":{"start":{"line":6,"column":28},"end":{"line":8,"column":1}},"1":{"start":{"line":7,"column":2},"end":{"line":7,"column":75}},"2":{"start":{"line":10,"column":31},"end":{"line":12,"column":1}},"3":{"start":{"line":11,"column":2},"end":{"line":11,"column":75}}},"fnMap":{"0":{"name":"(anonymous_0)","decl":{"start":{"line":6,"column":28},"end":{"line":6,"column":29}},"loc":{"start":{"line":6,"column":69},"end":{"line":8,"column":1}},"line":6},"1":{"name":"(anonymous_1)","decl":{"start":{"line":10,"column":31},"end":{"line":10,"column":32}},"loc":{"start":{"line":10,"column":86},"end":{"line":12,"column":1}},"line":10}},"branchMap":{},"s":{"0":0,"1":0,"2":0,"3":0},"f":{"0":0,"1":0},"b":{}}
,"/Users/yohannvinod/Github/SFU-Loop/src/store/useProfileStore.ts": {"path":"/Users/yohannvinod/Github/SFU-Loop/src/store/useProfileStore.ts","statementMap":{"0":{"start":{"line":13,"column":80},"end":{"line":16,"column":1}},"1":{"start":{"line":18,"column":31},"end":{"line":23,"column":3}},"2":{"start":{"line":18,"column":62},"end":{"line":23,"column":1}},"3":{"start":{"line":20,"column":29},"end":{"line":20,"column":46}},"4":{"start":{"line":21,"column":25},"end":{"line":21,"column":40}},"5":{"start":{"line":22,"column":15},"end":{"line":22,"column":39}}},"fnMap":{"0":{"name":"(anonymous_0)","decl":{"start":{"line":18,"column":52},"end":{"line":18,"column":53}},"loc":{"start":{"line":18,"column":62},"end":{"line":23,"column":1}},"line":18},"1":{"name":"(anonymous_1)","decl":{"start":{"line":20,"column":15},"end":{"line":20,"column":16}},"loc":{"start":{"line":20,"column":29},"end":{"line":20,"column":46}},"line":20},"2":{"name":"(anonymous_2)","decl":{"start":{"line":21,"column":13},"end":{"line":21,"column":14}},"loc":{"start":{"line":21,"column":25},"end":{"line":21,"column":40}},"line":21},"3":{"name":"(anonymous_3)","decl":{"start":{"line":22,"column":9},"end":{"line":22,"column":10}},"loc":{"start":{"line":22,"column":15},"end":{"line":22,"column":39}},"line":22}},"branchMap":{},"s":{"0":0,"1":0,"2":0,"3":0,"4":0,"5":0},"f":{"0":0,"1":0,"2":0,"3":0},"b":{}}
}
